using device =  cuda
Train size: 132, Holdout size: 132, Test size: 136
/data/UGP/gpu/spiral.py:42: UserWarning: To copy construct from a tensor, it is recommended to use sourceTensor.clone().detach() or sourceTensor.clone().detach().requires_grad_(True), rather than torch.tensor(sourceTensor).
  return torch.tensor(coords).float(), torch.tensor(label).float().view(1)
Epoch 0 Loss: 0.5819796323776245
Epoch 100 Loss: 0.5605269074440002
Epoch 200 Loss: 0.4508821964263916
Epoch 300 Loss: 1.4516619443893433
Epoch 400 Loss: 0.17448551952838898
Epoch 500 Loss: 0.004277993459254503
Epoch 600 Loss: 6.899474828969687e-05
Epoch 700 Loss: 2.6729707315098494e-05
Epoch 800 Loss: 9.536769312035176e-07
Epoch 900 Loss: 1.2551687120221366e-11
Test Loss: 7.172299622607504e-06 Test Accuracy: 1.0
Completed iteration:  1
Completed iteration:  2
Completed iteration:  3
Completed iteration:  4
Completed iteration:  5
Completed iteration:  6
Completed iteration:  7
Completed iteration:  8
Completed iteration:  9
Completed iteration:  10
Completed iteration:  11
Completed iteration:  12
Completed iteration:  13
Completed iteration:  14
Completed iteration:  15
Completed iteration:  16
Completed iteration:  17
Completed iteration:  18
Completed iteration:  19
Completed iteration:  20
Completed iteration:  21
Completed iteration:  22
Completed iteration:  23
Completed iteration:  24
Completed iteration:  25
Completed iteration:  26
Completed iteration:  27
Completed iteration:  28
Completed iteration:  29
Completed iteration:  30
Completed iteration:  31
Completed iteration:  32
Completed iteration:  33
Completed iteration:  34
Completed iteration:  35
Completed iteration:  36
Completed iteration:  37
Completed iteration:  38
Completed iteration:  39
Completed iteration:  40
Completed iteration:  41
Completed iteration:  42
Completed iteration:  43
Completed iteration:  44
Completed iteration:  45
Completed iteration:  46
Completed iteration:  47
Completed iteration:  48
Completed iteration:  49
Completed iteration:  50
Completed iteration:  51
Completed iteration:  52
Completed iteration:  53
Completed iteration:  54
Completed iteration:  55
Completed iteration:  56
Completed iteration:  57
Completed iteration:  58
Completed iteration:  59
Completed iteration:  60
Completed iteration:  61
Completed iteration:  62
Completed iteration:  63
Completed iteration:  64
Completed iteration:  65
Completed iteration:  66
Completed iteration:  67
Completed iteration:  68
Completed iteration:  69
Completed iteration:  70
Completed iteration:  71
Completed iteration:  72
Completed iteration:  73
Completed iteration:  74
Completed iteration:  75
Completed iteration:  76
Completed iteration:  77
Completed iteration:  78
Completed iteration:  79
Completed iteration:  80
Completed iteration:  81
Completed iteration:  82
Completed iteration:  83
Completed iteration:  84
Completed iteration:  85
Completed iteration:  86
Completed iteration:  87
Completed iteration:  88
Completed iteration:  89
Completed iteration:  90
Completed iteration:  91
Completed iteration:  92
Completed iteration:  93
Completed iteration:  94
Completed iteration:  95
Completed iteration:  96
Completed iteration:  97
Completed iteration:  98
Completed iteration:  99
Completed iteration:  100
Completed iteration:  101
Completed iteration:  102
