cuda
Train size: 132, Holdout size: 132, Test size: 136
/data/UGP/hessian/main.py:67: UserWarning: Creating a tensor from a list of numpy.ndarrays is extremely slow. Please consider converting the list to a single numpy.ndarray with numpy.array() before converting to a tensor. (Triggered internally at /opt/conda/conda-bld/pytorch_1729647429097/work/torch/csrc/utils/tensor_new.cpp:278.)
  train_coords = torch.tensor(train_coords).float().to(device)
alpha=-0.5, beta=-0.5, ratio=0.011084088084842887
alpha=-0.5, beta=-0.47959183673469385, ratio=0.004644797336910257
alpha=-0.5, beta=-0.45918367346938777, ratio=0.0005573083392951698
Traceback (most recent call last):
  File "/data/UGP/hessian/main.py", line 110, in <module>
    create_heat_map(model, loss_fn, train_coords, train_labels, x_range=(-0.5, 0.5), y_range=(-0.5, 0.5), num_points=50)
  File "/data/UGP/hessian/hess_vec_prod.py", line 86, in create_heat_map
    lambda_max_new, _, lambda_min_new, _ = compute_hessian_directions(loss_fn, model, train_inputs, train_labels, num_iters=100)
                                           ^^^^^^^^^^^^^^^^^^^^^^^^^^^^^^^^^^^^^^^^^^^^^^^^^^^^^^^^^^^^^^^^^^^^^^^^^^^^^^^^^^^^^
  File "/data/UGP/hessian/hess_vec_prod.py", line 55, in compute_hessian_directions
    lambda_max, v_max = power_iteration(loss_fn, model, inputs, targets, num_iters)
                        ^^^^^^^^^^^^^^^^^^^^^^^^^^^^^^^^^^^^^^^^^^^^^^^^^^^^^^^^^^^
  File "/data/UGP/hessian/hess_vec_prod.py", line 29, in power_iteration
    hvp = compute_hvp(loss_fn, model, inputs, targets, v)
          ^^^^^^^^^^^^^^^^^^^^^^^^^^^^^^^^^^^^^^^^^^^^^^^
  File "/data/UGP/hessian/hess_vec_prod.py", line 14, in compute_hvp
    hvp = torch.autograd.grad(grad_vec, model.parameters(), grad_outputs=v, retain_graph=True)
          ^^^^^^^^^^^^^^^^^^^^^^^^^^^^^^^^^^^^^^^^^^^^^^^^^^^^^^^^^^^^^^^^^^^^^^^^^^^^^^^^^^^^
  File "/data/venkatasai22/mambaforge/envs/torch/lib/python3.11/site-packages/torch/autograd/__init__.py", line 496, in grad
    result = _engine_run_backward(
             ^^^^^^^^^^^^^^^^^^^^^
  File "/data/venkatasai22/mambaforge/envs/torch/lib/python3.11/site-packages/torch/autograd/graph.py", line 825, in _engine_run_backward
    return Variable._execution_engine.run_backward(  # Calls into the C++ engine to run the backward pass
           ^^^^^^^^^^^^^^^^^^^^^^^^^^^^^^^^^^^^^^^^^^^^^^^^^^^^^^^^^^^^^^^^^^^^^^^^^^^^^^^^^^^^^^^^^^^^^^
KeyboardInterrupt
